=== RUN   TestSnapshotBasic3D
Test (3D): snapshots basic ...
  ... Passed --   7.7  3  136   46350  209
--- PASS: TestSnapshotBasic3D (7.75s)
=== RUN   TestSnapshotInstall3D
Test (3D): install snapshots (disconnect) ...
  ... Passed --  54.2  3 1172  487231  355
--- PASS: TestSnapshotInstall3D (54.21s)
=== RUN   TestSnapshotInstallUnreliable3D
Test (3D): install snapshots (disconnect+unreliable) ...
panic: runtime error: index out of range [-1]

goroutine 7773 [running]:
6.5840/raft.(*Raft).AppendEntries(0xc0000db680, {0xd, 0x0, 0xb5, 0xb, {0xc000011e60, 0x1, 0x1}, 0xb6}, 0xc0004c97a0)
	/home/yudeng/code/mit-6.5840/src/raft/raft.go:379 +0x5f9
reflect.Value.call({0xc0001aa460?, 0xc0003a6820?, 0xc00011bb18?}, {0x675490, 0x4}, {0xc00011bd20, 0x3, 0xc00011bb48?})
	/usr/local/go/src/reflect/value.go:581 +0xca6
reflect.Value.Call({0xc0001aa460?, 0xc0003a6820?, 0xc00065b680?}, {0xc00011bd20?, 0x10?, 0xc000387f80?})
	/usr/local/go/src/reflect/value.go:365 +0xb9
6.5840/labrpc.(*Service).dispatch(0xc0003a56c0, {0x678ebb, 0xd}, {{0x628bc0, 0xc0003ba260}, {0x678eb6, 0x12}, {0x6d3f38, 0x660680}, {0xc0004ce200, ...}, ...})
	/home/yudeng/code/mit-6.5840/src/labrpc/labrpc.go:506 +0x365
6.5840/labrpc.(*Server).dispatch(0xc0003ef698, {{0x628bc0, 0xc0003ba260}, {0x678eb6, 0x12}, {0x6d3f38, 0x660680}, {0xc0004ce200, 0xd4, 0x100}, ...})
	/home/yudeng/code/mit-6.5840/src/labrpc/labrpc.go:430 +0x1e5
6.5840/labrpc.(*Network).processReq.func1()
	/home/yudeng/code/mit-6.5840/src/labrpc/labrpc.go:240 +0x3f
created by 6.5840/labrpc.(*Network).processReq in goroutine 7799
	/home/yudeng/code/mit-6.5840/src/labrpc/labrpc.go:239 +0x1d0
exit status 2
FAIL	6.5840/raft	91.715s
